# JRE version: Java(TM) SE Runtime Environment (22.0.2+9) (build 22.0.2+9-70)
# Java VM: Java HotSpot(TM) 64-Bit Server VM (22.0.2+9-70, mixed mode, emulated-client, sharing, tiered, compressed oops, compressed class ptrs, g1 gc, windows-amd64)
GC Precious Log:
 CardTable entry size: 512
 Card Set container configuration: InlinePtr #cards 5 size 8 Array Of Cards #cards 12 size 40 Howl #buckets 4 coarsen threshold 1843 Howl Bitmap #cards 512 size 80 coarsen threshold 460 Card regions per heap region 1 cards per card region 2048
 CPUs: 8 total, 8 available
 Memory: 7934M
 Large Page Support: Disabled
 NUMA Support: Disabled
 Compressed Oops: Enabled (32-bit)
 Heap Region Size: 1M
 Heap Min Capacity: 8M
 Heap Initial Capacity: 124M
 Heap Max Capacity: 1984M
 Pre-touch: Disabled
 Parallel Workers: 8
 Concurrent Workers: 2
 Concurrent Refinement Workers: 8
 Periodic GC: Disabled
Heap:
 garbage-first heap   total reserved 2031616K, committed 76800K, used 69269K [0x0000000084000000, 0x0000000100000000)
  region size 1024K, 26 young (26624K), 3 survivors (3072K)
 Metaspace       used 78550K, committed 79552K, reserved 1179648K
  class space    used 11430K, committed 11904K, reserved 1048576K
GC Heap History (20 events):
Event: 10.047 GC heap after
{Heap after GC invocations=21 (full 0):
 garbage-first heap   total reserved 2031616K, committed 58368K, used 33192K [0x0000000084000000, 0x0000000100000000)
  region size 1024K, 3 young (3072K), 3 survivors (3072K)
 Metaspace       used 64803K, committed 65536K, reserved 1114112K
  class space    used 9414K, committed 9728K, reserved 1048576K
}
Event: 10.490 GC heap before
{Heap before GC invocations=21 (full 0):
 garbage-first heap   total reserved 2031616K, committed 58368K, used 50600K [0x0000000084000000, 0x0000000100000000)
  region size 1024K, 20 young (20480K), 3 survivors (3072K)
 Metaspace       used 67745K, committed 68480K, reserved 1114112K
  class space    used 9818K, committed 10112K, reserved 1048576K
}
Event: 10.495 GC heap after
{Heap after GC invocations=22 (full 0):
 garbage-first heap   total reserved 2031616K, committed 58368K, used 34179K [0x0000000084000000, 0x0000000100000000)
  region size 1024K, 2 young (2048K), 2 survivors (2048K)
 Metaspace       used 67745K, committed 68480K, reserved 1114112K
  class space    used 9818K, committed 10112K, reserved 1048576K
}
Event: 10.755 GC heap before
{Heap before GC invocations=22 (full 0):
 garbage-first heap   total reserved 2031616K, committed 58368K, used 51587K [0x0000000084000000, 0x0000000100000000)
  region size 1024K, 19 young (19456K), 2 survivors (2048K)
 Metaspace       used 69081K, committed 69888K, reserved 1114112K
  class space    used 10024K, committed 10368K, reserved 1048576K
}
Event: 10.758 GC heap after
{Heap after GC invocations=23 (full 0):
 garbage-first heap   total reserved 2031616K, committed 70656K, used 36120K [0x0000000084000000, 0x0000000100000000)
  region size 1024K, 2 young (2048K), 2 survivors (2048K)
 Metaspace       used 69081K, committed 69888K, reserved 1114112K
  class space    used 10024K, committed 10368K, reserved 1048576K
}
Event: 11.113 GC heap before
{Heap before GC invocations=24 (full 0):
 garbage-first heap   total reserved 2031616K, committed 70656K, used 63768K [0x0000000084000000, 0x0000000100000000)
  region size 1024K, 29 young (29696K), 2 survivors (2048K)
 Metaspace       used 70040K, committed 70848K, reserved 1114112K
  class space    used 10143K, committed 10496K, reserved 1048576K
}
Event: 11.116 GC heap after
{Heap after GC invocations=25 (full 0):
 garbage-first heap   total reserved 2031616K, committed 70656K, used 38022K [0x0000000084000000, 0x0000000100000000)
  region size 1024K, 4 young (4096K), 4 survivors (4096K)
 Metaspace       used 70040K, committed 70848K, reserved 1114112K
  class space    used 10143K, committed 10496K, reserved 1048576K
}
Event: 11.509 GC heap before
{Heap before GC invocations=25 (full 0):
 garbage-first heap   total reserved 2031616K, committed 70656K, used 60550K [0x0000000084000000, 0x0000000100000000)
  region size 1024K, 27 young (27648K), 4 survivors (4096K)
 Metaspace       used 72059K, committed 72896K, reserved 1114112K
  class space    used 10444K, committed 10816K, reserved 1048576K
}
Event: 11.514 GC heap after
{Heap after GC invocations=26 (full 0):
 garbage-first heap   total reserved 2031616K, committed 70656K, used 39572K [0x0000000084000000, 0x0000000100000000)
  region size 1024K, 4 young (4096K), 4 survivors (4096K)
 Metaspace       used 72059K, committed 72896K, reserved 1114112K
  class space    used 10444K, committed 10816K, reserved 1048576K
}
Event: 11.863 GC heap before
{Heap before GC invocations=26 (full 0):
 garbage-first heap   total reserved 2031616K, committed 70656K, used 62100K [0x0000000084000000, 0x0000000100000000)
  region size 1024K, 26 young (26624K), 4 survivors (4096K)
 Metaspace       used 74153K, committed 75072K, reserved 1114112K
  class space    used 10761K, committed 11136K, reserved 1048576K
}
Event: 11.868 GC heap after
{Heap after GC invocations=27 (full 0):
 garbage-first heap   total reserved 2031616K, committed 70656K, used 41834K [0x0000000084000000, 0x0000000100000000)
  region size 1024K, 4 young (4096K), 4 survivors (4096K)
 Metaspace       used 74153K, committed 75072K, reserved 1114112K
  class space    used 10761K, committed 11136K, reserved 1048576K
}
Event: 41.350 GC heap before
{Heap before GC invocations=28 (full 0):
 garbage-first heap   total reserved 2031616K, committed 70656K, used 62314K [0x0000000084000000, 0x0000000100000000)
  region size 1024K, 24 young (24576K), 4 survivors (4096K)
 Metaspace       used 75137K, committed 75968K, reserved 1114112K
  class space    used 10927K, committed 11264K, reserved 1048576K
}
Event: 41.358 GC heap after
{Heap after GC invocations=29 (full 0):
 garbage-first heap   total reserved 2031616K, committed 70656K, used 43492K [0x0000000084000000, 0x0000000100000000)
  region size 1024K, 2 young (2048K), 2 survivors (2048K)
 Metaspace       used 75137K, committed 75968K, reserved 1114112K
  class space    used 10927K, committed 11264K, reserved 1048576K
}
Event: 68.736 GC heap before
{Heap before GC invocations=29 (full 0):
 garbage-first heap   total reserved 2031616K, committed 70656K, used 62948K [0x0000000084000000, 0x0000000100000000)
  region size 1024K, 22 young (22528K), 2 survivors (2048K)
 Metaspace       used 76636K, committed 77632K, reserved 1179648K
  class space    used 11145K, committed 11584K, reserved 1048576K
}
Event: 68.745 GC heap after
{Heap after GC invocations=30 (full 0):
 garbage-first heap   total reserved 2031616K, committed 70656K, used 44113K [0x0000000084000000, 0x0000000100000000)
  region size 1024K, 3 young (3072K), 3 survivors (3072K)
 Metaspace       used 76636K, committed 77632K, reserved 1179648K
  class space    used 11145K, committed 11584K, reserved 1048576K
}
Event: 69.156 GC heap before
{Heap before GC invocations=30 (full 0):
 garbage-first heap   total reserved 2031616K, committed 70656K, used 62545K [0x0000000084000000, 0x0000000100000000)
  region size 1024K, 21 young (21504K), 3 survivors (3072K)
 Metaspace       used 78522K, committed 79552K, reserved 1179648K
  class space    used 11466K, committed 11904K, reserved 1048576K
}
Event: 69.160 GC heap after
{Heap after GC invocations=31 (full 0):
 garbage-first heap   total reserved 2031616K, committed 70656K, used 45252K [0x0000000084000000, 0x0000000100000000)
  region size 1024K, 3 young (3072K), 3 survivors (3072K)
 Metaspace       used 78522K, committed 79552K, reserved 1179648K
  class space    used 11466K, committed 11904K, reserved 1048576K
}
Event: 69.850 GC heap before
{Heap before GC invocations=32 (full 0):
 garbage-first heap   total reserved 2031616K, committed 76800K, used 61636K [0x0000000084000000, 0x0000000100000000)
  region size 1024K, 19 young (19456K), 3 survivors (3072K)
 Metaspace       used 78264K, committed 79552K, reserved 1179648K
  class space    used 11382K, committed 11904K, reserved 1048576K
}
Event: 69.854 GC heap after
{Heap after GC invocations=33 (full 0):
 garbage-first heap   total reserved 2031616K, committed 76800K, used 45717K [0x0000000084000000, 0x0000000100000000)
  region size 1024K, 2 young (2048K), 2 survivors (2048K)
 Metaspace       used 78264K, committed 79552K, reserved 1179648K
  class space    used 11382K, committed 11904K, reserved 1048576K
}
Event: 142.518 GC heap before
{Heap before GC invocations=33 (full 0):
 garbage-first heap   total reserved 2031616K, committed 76800K, used 69269K [0x0000000084000000, 0x0000000100000000)
  region size 1024K, 25 young (25600K), 2 survivors (2048K)
 Metaspace       used 78550K, committed 79552K, reserved 1179648K
  class space    used 11430K, committed 11904K, reserved 1048576K
}

