# JRE version: Java(TM) SE Runtime Environment (22.0.2+9) (build 22.0.2+9-70)
# Java VM: Java HotSpot(TM) 64-Bit Server VM (22.0.2+9-70, mixed mode, emulated-client, sharing, tiered, compressed oops, compressed class ptrs, g1 gc, windows-amd64)
GC Precious Log:
 CardTable entry size: 512
 Card Set container configuration: InlinePtr #cards 5 size 8 Array Of Cards #cards 12 size 40 Howl #buckets 4 coarsen threshold 1843 Howl Bitmap #cards 512 size 80 coarsen threshold 460 Card regions per heap region 1 cards per card region 2048
 CPUs: 8 total, 8 available
 Memory: 7934M
 Large Page Support: Disabled
 NUMA Support: Disabled
 Compressed Oops: Enabled (32-bit)
 Heap Region Size: 1M
 Heap Min Capacity: 8M
 Heap Initial Capacity: 124M
 Heap Max Capacity: 1984M
 Pre-touch: Disabled
 Parallel Workers: 8
 Concurrent Workers: 2
 Concurrent Refinement Workers: 8
 Periodic GC: Disabled
Heap:
 garbage-first heap   total reserved 2031616K, committed 51200K, used 38587K [0x0000000084000000, 0x0000000100000000)
  region size 1024K, 12 young (12288K), 2 survivors (2048K)
 Metaspace       used 52275K, committed 52928K, reserved 1114112K
  class space    used 7391K, committed 7680K, reserved 1048576K
GC Heap History (20 events):
Event: 5.543 GC heap before
{Heap before GC invocations=6 (full 0):
 garbage-first heap   total reserved 2031616K, committed 48128K, used 37767K [0x0000000084000000, 0x0000000100000000)
  region size 1024K, 23 young (23552K), 3 survivors (3072K)
 Metaspace       used 26235K, committed 26688K, reserved 1114112K
  class space    used 3632K, committed 3840K, reserved 1048576K
}
Event: 5.547 GC heap after
{Heap after GC invocations=7 (full 0):
 garbage-first heap   total reserved 2031616K, committed 48128K, used 18957K [0x0000000084000000, 0x0000000100000000)
  region size 1024K, 2 young (2048K), 2 survivors (2048K)
 Metaspace       used 26235K, committed 26688K, reserved 1114112K
  class space    used 3632K, committed 3840K, reserved 1048576K
}
Event: 6.272 GC heap before
{Heap before GC invocations=7 (full 0):
 garbage-first heap   total reserved 2031616K, committed 48128K, used 39437K [0x0000000084000000, 0x0000000100000000)
  region size 1024K, 22 young (22528K), 2 survivors (2048K)
 Metaspace       used 28246K, committed 28672K, reserved 1114112K
  class space    used 3903K, committed 4096K, reserved 1048576K
}
Event: 6.275 GC heap after
{Heap after GC invocations=8 (full 0):
 garbage-first heap   total reserved 2031616K, committed 48128K, used 20218K [0x0000000084000000, 0x0000000100000000)
  region size 1024K, 3 young (3072K), 3 survivors (3072K)
 Metaspace       used 28246K, committed 28672K, reserved 1114112K
  class space    used 3903K, committed 4096K, reserved 1048576K
}
Event: 7.126 GC heap before
{Heap before GC invocations=8 (full 0):
 garbage-first heap   total reserved 2031616K, committed 48128K, used 40698K [0x0000000084000000, 0x0000000100000000)
  region size 1024K, 23 young (23552K), 3 survivors (3072K)
 Metaspace       used 30497K, committed 31040K, reserved 1114112K
  class space    used 4256K, committed 4480K, reserved 1048576K
}
Event: 7.131 GC heap after
{Heap after GC invocations=9 (full 0):
 garbage-first heap   total reserved 2031616K, committed 48128K, used 21824K [0x0000000084000000, 0x0000000100000000)
  region size 1024K, 3 young (3072K), 3 survivors (3072K)
 Metaspace       used 30497K, committed 31040K, reserved 1114112K
  class space    used 4256K, committed 4480K, reserved 1048576K
}
Event: 7.786 GC heap before
{Heap before GC invocations=9 (full 0):
 garbage-first heap   total reserved 2031616K, committed 48128K, used 28992K [0x0000000084000000, 0x0000000100000000)
  region size 1024K, 11 young (11264K), 3 survivors (3072K)
 Metaspace       used 31795K, committed 32320K, reserved 1114112K
  class space    used 4456K, committed 4736K, reserved 1048576K
}
Event: 7.790 GC heap after
{Heap after GC invocations=10 (full 0):
 garbage-first heap   total reserved 2031616K, committed 48128K, used 22842K [0x0000000084000000, 0x0000000100000000)
  region size 1024K, 1 young (1024K), 1 survivors (1024K)
 Metaspace       used 31795K, committed 32320K, reserved 1114112K
  class space    used 4456K, committed 4736K, reserved 1048576K
}
Event: 8.696 GC heap before
{Heap before GC invocations=11 (full 0):
 garbage-first heap   total reserved 2031616K, committed 48128K, used 41274K [0x0000000084000000, 0x0000000100000000)
  region size 1024K, 19 young (19456K), 1 survivors (1024K)
 Metaspace       used 33618K, committed 34176K, reserved 1114112K
  class space    used 4736K, committed 4992K, reserved 1048576K
}
Event: 8.700 GC heap after
{Heap after GC invocations=12 (full 0):
 garbage-first heap   total reserved 2031616K, committed 48128K, used 24256K [0x0000000084000000, 0x0000000100000000)
  region size 1024K, 3 young (3072K), 3 survivors (3072K)
 Metaspace       used 33618K, committed 34176K, reserved 1114112K
  class space    used 4736K, committed 4992K, reserved 1048576K
}
Event: 9.358 GC heap before
{Heap before GC invocations=12 (full 0):
 garbage-first heap   total reserved 2031616K, committed 48128K, used 39616K [0x0000000084000000, 0x0000000100000000)
  region size 1024K, 19 young (19456K), 3 survivors (3072K)
 Metaspace       used 36728K, committed 37312K, reserved 1114112K
  class space    used 5085K, committed 5312K, reserved 1048576K
}
Event: 9.363 GC heap after
{Heap after GC invocations=13 (full 0):
 garbage-first heap   total reserved 2031616K, committed 48128K, used 25380K [0x0000000084000000, 0x0000000100000000)
  region size 1024K, 3 young (3072K), 3 survivors (3072K)
 Metaspace       used 36728K, committed 37312K, reserved 1114112K
  class space    used 5085K, committed 5312K, reserved 1048576K
}
Event: 10.458 GC heap before
{Heap before GC invocations=13 (full 0):
 garbage-first heap   total reserved 2031616K, committed 48128K, used 40740K [0x0000000084000000, 0x0000000100000000)
  region size 1024K, 19 young (19456K), 3 survivors (3072K)
 Metaspace       used 42386K, committed 42944K, reserved 1114112K
  class space    used 5790K, committed 6016K, reserved 1048576K
}
Event: 10.463 GC heap after
{Heap after GC invocations=14 (full 0):
 garbage-first heap   total reserved 2031616K, committed 48128K, used 26905K [0x0000000084000000, 0x0000000100000000)
  region size 1024K, 3 young (3072K), 3 survivors (3072K)
 Metaspace       used 42386K, committed 42944K, reserved 1114112K
  class space    used 5790K, committed 6016K, reserved 1048576K
}
Event: 11.154 GC heap before
{Heap before GC invocations=15 (full 0):
 garbage-first heap   total reserved 2031616K, committed 48128K, used 41241K [0x0000000084000000, 0x0000000100000000)
  region size 1024K, 17 young (17408K), 3 survivors (3072K)
 Metaspace       used 45290K, committed 45952K, reserved 1114112K
  class space    used 6264K, committed 6528K, reserved 1048576K
}
Event: 11.158 GC heap after
{Heap after GC invocations=16 (full 0):
 garbage-first heap   total reserved 2031616K, committed 48128K, used 28119K [0x0000000084000000, 0x0000000100000000)
  region size 1024K, 3 young (3072K), 3 survivors (3072K)
 Metaspace       used 45290K, committed 45952K, reserved 1114112K
  class space    used 6264K, committed 6528K, reserved 1048576K
}
Event: 11.904 GC heap before
{Heap before GC invocations=16 (full 0):
 garbage-first heap   total reserved 2031616K, committed 48128K, used 41431K [0x0000000084000000, 0x0000000100000000)
  region size 1024K, 16 young (16384K), 3 survivors (3072K)
 Metaspace       used 48124K, committed 48768K, reserved 1114112K
  class space    used 6768K, committed 7040K, reserved 1048576K
}
Event: 11.908 GC heap after
{Heap after GC invocations=17 (full 0):
 garbage-first heap   total reserved 2031616K, committed 48128K, used 28760K [0x0000000084000000, 0x0000000100000000)
  region size 1024K, 2 young (2048K), 2 survivors (2048K)
 Metaspace       used 48124K, committed 48768K, reserved 1114112K
  class space    used 6768K, committed 7040K, reserved 1048576K
}
Event: 13.130 GC heap before
{Heap before GC invocations=17 (full 0):
 garbage-first heap   total reserved 2031616K, committed 48128K, used 42072K [0x0000000084000000, 0x0000000100000000)
  region size 1024K, 15 young (15360K), 2 survivors (2048K)
 Metaspace       used 51383K, committed 52032K, reserved 1114112K
  class space    used 7230K, committed 7552K, reserved 1048576K
}
Event: 13.133 GC heap after
{Heap after GC invocations=18 (full 0):
 garbage-first heap   total reserved 2031616K, committed 48128K, used 29371K [0x0000000084000000, 0x0000000100000000)
  region size 1024K, 2 young (2048K), 2 survivors (2048K)
 Metaspace       used 51383K, committed 52032K, reserved 1114112K
  class space    used 7230K, committed 7552K, reserved 1048576K
}

