# JRE version: Java(TM) SE Runtime Environment (22.0.2+9) (build 22.0.2+9-70)
# Java VM: Java HotSpot(TM) 64-Bit Server VM (22.0.2+9-70, mixed mode, emulated-client, sharing, tiered, compressed oops, compressed class ptrs, g1 gc, windows-amd64)
GC Precious Log:
 CardTable entry size: 512
 Card Set container configuration: InlinePtr #cards 5 size 8 Array Of Cards #cards 12 size 40 Howl #buckets 4 coarsen threshold 1843 Howl Bitmap #cards 512 size 80 coarsen threshold 460 Card regions per heap region 1 cards per card region 2048
 CPUs: 8 total, 8 available
 Memory: 7934M
 Large Page Support: Disabled
 NUMA Support: Disabled
 Compressed Oops: Enabled (32-bit)
 Heap Region Size: 1M
 Heap Min Capacity: 8M
 Heap Initial Capacity: 124M
 Heap Max Capacity: 1984M
 Pre-touch: Disabled
 Parallel Workers: 8
 Concurrent Workers: 2
 Concurrent Refinement Workers: 8
 Periodic GC: Disabled
Heap:
 garbage-first heap   total reserved 2031616K, committed 91136K, used 71383K [0x0000000084000000, 0x0000000100000000)
  region size 1024K, 27 young (27648K), 5 survivors (5120K)
 Metaspace       used 84168K, committed 85056K, reserved 1179648K
  class space    used 12236K, committed 12608K, reserved 1048576K
GC Heap History (20 events):
Event: 13.945 GC heap before
{Heap before GC invocations=35 (full 0):
 garbage-first heap   total reserved 2031616K, committed 75776K, used 60127K [0x0000000084000000, 0x0000000100000000)
  region size 1024K, 18 young (18432K), 3 survivors (3072K)
 Metaspace       used 74986K, committed 75904K, reserved 1114112K
  class space    used 10862K, committed 11264K, reserved 1048576K
}
Event: 13.953 GC heap after
{Heap after GC invocations=36 (full 0):
 garbage-first heap   total reserved 2031616K, committed 75776K, used 46412K [0x0000000084000000, 0x0000000100000000)
  region size 1024K, 2 young (2048K), 2 survivors (2048K)
 Metaspace       used 74986K, committed 75904K, reserved 1114112K
  class space    used 10862K, committed 11264K, reserved 1048576K
}
Event: 14.409 GC heap before
{Heap before GC invocations=36 (full 0):
 garbage-first heap   total reserved 2031616K, committed 75776K, used 66892K [0x0000000084000000, 0x0000000100000000)
  region size 1024K, 23 young (23552K), 2 survivors (2048K)
 Metaspace       used 77043K, committed 77952K, reserved 1179648K
  class space    used 11193K, committed 11584K, reserved 1048576K
}
Event: 14.416 GC heap after
{Heap after GC invocations=37 (full 0):
 garbage-first heap   total reserved 2031616K, committed 91136K, used 49206K [0x0000000084000000, 0x0000000100000000)
  region size 1024K, 3 young (3072K), 3 survivors (3072K)
 Metaspace       used 77043K, committed 77952K, reserved 1179648K
  class space    used 11193K, committed 11584K, reserved 1048576K
}
Event: 17.004 GC heap before
{Heap before GC invocations=37 (full 0):
 garbage-first heap   total reserved 2031616K, committed 91136K, used 79926K [0x0000000084000000, 0x0000000100000000)
  region size 1024K, 34 young (34816K), 3 survivors (3072K)
 Metaspace       used 81534K, committed 82496K, reserved 1179648K
  class space    used 11856K, committed 12288K, reserved 1048576K
}
Event: 17.009 GC heap after
{Heap after GC invocations=38 (full 0):
 garbage-first heap   total reserved 2031616K, committed 91136K, used 52581K [0x0000000084000000, 0x0000000100000000)
  region size 1024K, 5 young (5120K), 5 survivors (5120K)
 Metaspace       used 81534K, committed 82496K, reserved 1179648K
  class space    used 11856K, committed 12288K, reserved 1048576K
}
Event: 22.696 GC heap before
{Heap before GC invocations=38 (full 0):
 garbage-first heap   total reserved 2031616K, committed 91136K, used 78181K [0x0000000084000000, 0x0000000100000000)
  region size 1024K, 31 young (31744K), 5 survivors (5120K)
 Metaspace       used 82851K, committed 83840K, reserved 1179648K
  class space    used 12054K, committed 12480K, reserved 1048576K
}
Event: 22.700 GC heap after
{Heap after GC invocations=39 (full 0):
 garbage-first heap   total reserved 2031616K, committed 91136K, used 52295K [0x0000000084000000, 0x0000000100000000)
  region size 1024K, 2 young (2048K), 2 survivors (2048K)
 Metaspace       used 82851K, committed 83840K, reserved 1179648K
  class space    used 12054K, committed 12480K, reserved 1048576K
}
Event: 32.365 GC heap before
{Heap before GC invocations=39 (full 0):
 garbage-first heap   total reserved 2031616K, committed 91136K, used 79943K [0x0000000084000000, 0x0000000100000000)
  region size 1024K, 30 young (30720K), 2 survivors (2048K)
 Metaspace       used 83016K, committed 83904K, reserved 1179648K
  class space    used 12086K, committed 12480K, reserved 1048576K
}
Event: 32.368 GC heap after
{Heap after GC invocations=40 (full 0):
 garbage-first heap   total reserved 2031616K, committed 91136K, used 53138K [0x0000000084000000, 0x0000000100000000)
  region size 1024K, 3 young (3072K), 3 survivors (3072K)
 Metaspace       used 83016K, committed 83904K, reserved 1179648K
  class space    used 12086K, committed 12480K, reserved 1048576K
}
Event: 34.864 GC heap before
{Heap before GC invocations=41 (full 0):
 garbage-first heap   total reserved 2031616K, committed 91136K, used 69522K [0x0000000084000000, 0x0000000100000000)
  region size 1024K, 21 young (21504K), 3 survivors (3072K)
 Metaspace       used 83099K, committed 84032K, reserved 1179648K
  class space    used 12111K, committed 12480K, reserved 1048576K
}
Event: 34.925 GC heap after
{Heap after GC invocations=42 (full 1):
 garbage-first heap   total reserved 2031616K, committed 91136K, used 39543K [0x0000000084000000, 0x0000000100000000)
  region size 1024K, 0 young (0K), 0 survivors (0K)
 Metaspace       used 83052K, committed 84032K, reserved 1179648K
  class space    used 12097K, committed 12480K, reserved 1048576K
}
Event: 35.558 GC heap before
{Heap before GC invocations=42 (full 1):
 garbage-first heap   total reserved 2031616K, committed 91136K, used 76407K [0x0000000084000000, 0x0000000100000000)
  region size 1024K, 37 young (37888K), 0 survivors (0K)
 Metaspace       used 83302K, committed 84288K, reserved 1179648K
  class space    used 12143K, committed 12544K, reserved 1048576K
}
Event: 35.563 GC heap after
{Heap after GC invocations=43 (full 1):
 garbage-first heap   total reserved 2031616K, committed 91136K, used 43112K [0x0000000084000000, 0x0000000100000000)
  region size 1024K, 4 young (4096K), 4 survivors (4096K)
 Metaspace       used 83302K, committed 84288K, reserved 1179648K
  class space    used 12143K, committed 12544K, reserved 1048576K
}
Event: 36.212 GC heap before
{Heap before GC invocations=43 (full 1):
 garbage-first heap   total reserved 2031616K, committed 91136K, used 77928K [0x0000000084000000, 0x0000000100000000)
  region size 1024K, 38 young (38912K), 4 survivors (4096K)
 Metaspace       used 83636K, committed 84544K, reserved 1179648K
  class space    used 12174K, committed 12544K, reserved 1048576K
}
Event: 36.218 GC heap after
{Heap after GC invocations=44 (full 1):
 garbage-first heap   total reserved 2031616K, committed 91136K, used 45161K [0x0000000084000000, 0x0000000100000000)
  region size 1024K, 3 young (3072K), 3 survivors (3072K)
 Metaspace       used 83636K, committed 84544K, reserved 1179648K
  class space    used 12174K, committed 12544K, reserved 1048576K
}
Event: 36.814 GC heap before
{Heap before GC invocations=44 (full 1):
 garbage-first heap   total reserved 2031616K, committed 91136K, used 75881K [0x0000000084000000, 0x0000000100000000)
  region size 1024K, 34 young (34816K), 3 survivors (3072K)
 Metaspace       used 83743K, committed 84672K, reserved 1179648K
  class space    used 12192K, committed 12608K, reserved 1048576K
}
Event: 36.818 GC heap after
{Heap after GC invocations=45 (full 1):
 garbage-first heap   total reserved 2031616K, committed 91136K, used 47859K [0x0000000084000000, 0x0000000100000000)
  region size 1024K, 5 young (5120K), 5 survivors (5120K)
 Metaspace       used 83743K, committed 84672K, reserved 1179648K
  class space    used 12192K, committed 12608K, reserved 1048576K
}
Event: 37.150 GC heap before
{Heap before GC invocations=46 (full 1):
 garbage-first heap   total reserved 2031616K, committed 91136K, used 76531K [0x0000000084000000, 0x0000000100000000)
  region size 1024K, 33 young (33792K), 5 survivors (5120K)
 Metaspace       used 83951K, committed 84864K, reserved 1179648K
  class space    used 12224K, committed 12608K, reserved 1048576K
}
Event: 37.159 GC heap after
{Heap after GC invocations=47 (full 1):
 garbage-first heap   total reserved 2031616K, committed 91136K, used 49879K [0x0000000084000000, 0x0000000100000000)
  region size 1024K, 5 young (5120K), 5 survivors (5120K)
 Metaspace       used 83951K, committed 84864K, reserved 1179648K
  class space    used 12224K, committed 12608K, reserved 1048576K
}

